<?xml version="1.0" encoding="UTF-8"?>
<testsuites>
  <testsuite name="" tests="25" assertions="206" errors="0" warnings="0" failures="0" skipped="0" time="0.093199">
    <testsuite name="Project Test Suite" tests="25" assertions="206" errors="0" warnings="0" failures="0" skipped="0" time="0.093199">
      <testsuite name="App\Card\CardGraphicRepresentationTest" file="/Users/sarahabanakeh/dbwebb-kurser/mvc/me/report/tests/Card/CardGraphicTest.php" tests="2" assertions="9" errors="0" warnings="0" failures="0" skipped="0" time="0.005816">
        <testcase name="testCardRepresentation" class="App\Card\CardGraphicRepresentationTest" classname="App.Card.CardGraphicRepresentationTest" file="/Users/sarahabanakeh/dbwebb-kurser/mvc/me/report/tests/Card/CardGraphicTest.php" line="15" assertions="5" time="0.005548"/>
        <testcase name="testGetSuitClass" class="App\Card\CardGraphicRepresentationTest" classname="App.Card.CardGraphicRepresentationTest" file="/Users/sarahabanakeh/dbwebb-kurser/mvc/me/report/tests/Card/CardGraphicTest.php" line="39" assertions="4" time="0.000269"/>
      </testsuite>
      <testsuite name="App\Card\CardHandTest" file="/Users/sarahabanakeh/dbwebb-kurser/mvc/me/report/tests/Card/CardHandTest.php" tests="4" assertions="6" errors="0" warnings="0" failures="0" skipped="0" time="0.002425">
        <testcase name="testCreateCardHand" class="App\Card\CardHandTest" classname="App.Card.CardHandTest" file="/Users/sarahabanakeh/dbwebb-kurser/mvc/me/report/tests/Card/CardHandTest.php" line="15" assertions="1" time="0.000900"/>
        <testcase name="testAddCard" class="App\Card\CardHandTest" classname="App.Card.CardHandTest" file="/Users/sarahabanakeh/dbwebb-kurser/mvc/me/report/tests/Card/CardHandTest.php" line="24" assertions="2" time="0.000948"/>
        <testcase name="testTotalValueWithoutAces" class="App\Card\CardHandTest" classname="App.Card.CardHandTest" file="/Users/sarahabanakeh/dbwebb-kurser/mvc/me/report/tests/Card/CardHandTest.php" line="38" assertions="1" time="0.000307"/>
        <testcase name="testTotalValueWithAces" class="App\Card\CardHandTest" classname="App.Card.CardHandTest" file="/Users/sarahabanakeh/dbwebb-kurser/mvc/me/report/tests/Card/CardHandTest.php" line="51" assertions="2" time="0.000269"/>
      </testsuite>
      <testsuite name="App\Card\CardTest" file="/Users/sarahabanakeh/dbwebb-kurser/mvc/me/report/tests/Card/CardTest.php" tests="1" assertions="6" errors="0" warnings="0" failures="0" skipped="0" time="0.000260">
        <testcase name="testCreateCard" class="App\Card\CardTest" classname="App.Card.CardTest" file="/Users/sarahabanakeh/dbwebb-kurser/mvc/me/report/tests/Card/CardTest.php" line="16" assertions="6" time="0.000260"/>
      </testsuite>
      <testsuite name="App\Card\CoinGraphicTest" file="/Users/sarahabanakeh/dbwebb-kurser/mvc/me/report/tests/Card/CoinGraphicTest.php" tests="1" assertions="1" errors="0" warnings="0" failures="0" skipped="0" time="0.000631">
        <testcase name="testGetGraphicRepresentation" class="App\Card\CoinGraphicTest" classname="App.Card.CoinGraphicTest" file="/Users/sarahabanakeh/dbwebb-kurser/mvc/me/report/tests/Card/CoinGraphicTest.php" line="13" assertions="1" time="0.000631"/>
      </testsuite>
      <testsuite name="App\Card\DeckOfCardsTest" file="/Users/sarahabanakeh/dbwebb-kurser/mvc/me/report/tests/Card/DeckOfCardsTest.php" tests="7" assertions="168" errors="0" warnings="0" failures="0" skipped="0" time="0.069447">
        <testcase name="testCreateDeckOfCards" class="App\Card\DeckOfCardsTest" classname="App.Card.DeckOfCardsTest" file="/Users/sarahabanakeh/dbwebb-kurser/mvc/me/report/tests/Card/DeckOfCardsTest.php" line="15" assertions="1" time="0.000776"/>
        <testcase name="testDeckContains52Cards" class="App\Card\DeckOfCardsTest" classname="App.Card.DeckOfCardsTest" file="/Users/sarahabanakeh/dbwebb-kurser/mvc/me/report/tests/Card/DeckOfCardsTest.php" line="24" assertions="1" time="0.000323"/>
        <testcase name="testDeckContainsCorrectCards" class="App\Card\DeckOfCardsTest" classname="App.Card.DeckOfCardsTest" file="/Users/sarahabanakeh/dbwebb-kurser/mvc/me/report/tests/Card/DeckOfCardsTest.php" line="34" assertions="52" time="0.003452"/>
        <testcase name="testShuffleDeck" class="App\Card\DeckOfCardsTest" classname="App.Card.DeckOfCardsTest" file="/Users/sarahabanakeh/dbwebb-kurser/mvc/me/report/tests/Card/DeckOfCardsTest.php" line="64" assertions="2" time="0.062738"/>
        <testcase name="testGetSortedCards" class="App\Card\DeckOfCardsTest" classname="App.Card.DeckOfCardsTest" file="/Users/sarahabanakeh/dbwebb-kurser/mvc/me/report/tests/Card/DeckOfCardsTest.php" line="78" assertions="108" time="0.001555"/>
        <testcase name="testDrawCard" class="App\Card\DeckOfCardsTest" classname="App.Card.DeckOfCardsTest" file="/Users/sarahabanakeh/dbwebb-kurser/mvc/me/report/tests/Card/DeckOfCardsTest.php" line="99" assertions="2" time="0.000303"/>
        <testcase name="testCountCards" class="App\Card\DeckOfCardsTest" classname="App.Card.DeckOfCardsTest" file="/Users/sarahabanakeh/dbwebb-kurser/mvc/me/report/tests/Card/DeckOfCardsTest.php" line="113" assertions="2" time="0.000300"/>
      </testsuite>
      <testsuite name="App\Card\PlayerTest" file="/Users/sarahabanakeh/dbwebb-kurser/mvc/me/report/tests/Card/PlayerTest.php" tests="7" assertions="12" errors="0" warnings="0" failures="0" skipped="0" time="0.002829">
        <testcase name="testCreatePlayer" class="App\Card\PlayerTest" classname="App.Card.PlayerTest" file="/Users/sarahabanakeh/dbwebb-kurser/mvc/me/report/tests/Card/PlayerTest.php" line="16" assertions="4" time="0.001305"/>
        <testcase name="testAddCardToHand" class="App\Card\PlayerTest" classname="App.Card.PlayerTest" file="/Users/sarahabanakeh/dbwebb-kurser/mvc/me/report/tests/Card/PlayerTest.php" line="29" assertions="2" time="0.000264"/>
        <testcase name="testAdjustBalance" class="App\Card\PlayerTest" classname="App.Card.PlayerTest" file="/Users/sarahabanakeh/dbwebb-kurser/mvc/me/report/tests/Card/PlayerTest.php" line="43" assertions="2" time="0.000257"/>
        <testcase name="testSetAndGetStatus" class="App\Card\PlayerTest" classname="App.Card.PlayerTest" file="/Users/sarahabanakeh/dbwebb-kurser/mvc/me/report/tests/Card/PlayerTest.php" line="57" assertions="1" time="0.000222"/>
        <testcase name="testHandValue" class="App\Card\PlayerTest" classname="App.Card.PlayerTest" file="/Users/sarahabanakeh/dbwebb-kurser/mvc/me/report/tests/Card/PlayerTest.php" line="68" assertions="1" time="0.000250"/>
        <testcase name="testIsBusted" class="App\Card\PlayerTest" classname="App.Card.PlayerTest" file="/Users/sarahabanakeh/dbwebb-kurser/mvc/me/report/tests/Card/PlayerTest.php" line="83" assertions="1" time="0.000264"/>
        <testcase name="testHasBlackJack" class="App\Card\PlayerTest" classname="App.Card.PlayerTest" file="/Users/sarahabanakeh/dbwebb-kurser/mvc/me/report/tests/Card/PlayerTest.php" line="101" assertions="1" time="0.000268"/>
      </testsuite>
      <testsuite name="App\Dice\DiceHandTest" file="/Users/sarahabanakeh/dbwebb-kurser/mvc/me/report/tests/Dice/DiceHandTest.php" tests="1" assertions="1" errors="0" warnings="0" failures="0" skipped="0" time="0.010765">
        <testcase name="testAddStubbedDices" class="App\Dice\DiceHandTest" classname="App.Dice.DiceHandTest" file="/Users/sarahabanakeh/dbwebb-kurser/mvc/me/report/tests/Dice/DiceHandTest.php" line="15" assertions="1" time="0.010765"/>
      </testsuite>
      <testsuite name="App\Dice\DiceTest" file="/Users/sarahabanakeh/dbwebb-kurser/mvc/me/report/tests/Dice/DiceTest.php" tests="2" assertions="3" errors="0" warnings="0" failures="0" skipped="0" time="0.001027">
        <testcase name="testCreateDice" class="App\Dice\DiceTest" classname="App.Dice.DiceTest" file="/Users/sarahabanakeh/dbwebb-kurser/mvc/me/report/tests/Dice/DiceTest.php" line="16" assertions="2" time="0.000636"/>
        <testcase name="testStubRollDiceLastRoll" class="App\Dice\DiceTest" classname="App.Dice.DiceTest" file="/Users/sarahabanakeh/dbwebb-kurser/mvc/me/report/tests/Dice/DiceTest.php" line="28" assertions="1" time="0.000391"/>
      </testsuite>
    </testsuite>
  </testsuite>
</testsuites>
