<?xml version="1.0" encoding="UTF-8"?>
<testsuites>
  <testsuite name="" tests="51" assertions="247" errors="0" warnings="0" failures="0" skipped="0" time="0.522925">
    <testsuite name="Project Test Suite" tests="51" assertions="247" errors="0" warnings="0" failures="0" skipped="0" time="0.522925">
      <testsuite name="App\Card\CardGraphicRepresentationTest" file="/Users/sarahabanakeh/dbwebb-kurser/mvc/me/report/tests/Card/CardGraphicTest.php" tests="2" assertions="9" errors="0" warnings="0" failures="0" skipped="0" time="0.005205">
        <testcase name="testCardRepresentation" class="App\Card\CardGraphicRepresentationTest" classname="App.Card.CardGraphicRepresentationTest" file="/Users/sarahabanakeh/dbwebb-kurser/mvc/me/report/tests/Card/CardGraphicTest.php" line="15" assertions="5" time="0.004936"/>
        <testcase name="testGetSuitClass" class="App\Card\CardGraphicRepresentationTest" classname="App.Card.CardGraphicRepresentationTest" file="/Users/sarahabanakeh/dbwebb-kurser/mvc/me/report/tests/Card/CardGraphicTest.php" line="39" assertions="4" time="0.000269"/>
      </testsuite>
      <testsuite name="App\Card\CardHandTest" file="/Users/sarahabanakeh/dbwebb-kurser/mvc/me/report/tests/Card/CardHandTest.php" tests="4" assertions="6" errors="0" warnings="0" failures="0" skipped="0" time="0.002214">
        <testcase name="testCreateCardHand" class="App\Card\CardHandTest" classname="App.Card.CardHandTest" file="/Users/sarahabanakeh/dbwebb-kurser/mvc/me/report/tests/Card/CardHandTest.php" line="15" assertions="1" time="0.000823"/>
        <testcase name="testAddCard" class="App\Card\CardHandTest" classname="App.Card.CardHandTest" file="/Users/sarahabanakeh/dbwebb-kurser/mvc/me/report/tests/Card/CardHandTest.php" line="24" assertions="2" time="0.000862"/>
        <testcase name="testTotalValueWithoutAces" class="App\Card\CardHandTest" classname="App.Card.CardHandTest" file="/Users/sarahabanakeh/dbwebb-kurser/mvc/me/report/tests/Card/CardHandTest.php" line="38" assertions="1" time="0.000253"/>
        <testcase name="testTotalValueWithAces" class="App\Card\CardHandTest" classname="App.Card.CardHandTest" file="/Users/sarahabanakeh/dbwebb-kurser/mvc/me/report/tests/Card/CardHandTest.php" line="51" assertions="2" time="0.000276"/>
      </testsuite>
      <testsuite name="App\Card\CardTest" file="/Users/sarahabanakeh/dbwebb-kurser/mvc/me/report/tests/Card/CardTest.php" tests="1" assertions="6" errors="0" warnings="0" failures="0" skipped="0" time="0.000280">
        <testcase name="testCreateCard" class="App\Card\CardTest" classname="App.Card.CardTest" file="/Users/sarahabanakeh/dbwebb-kurser/mvc/me/report/tests/Card/CardTest.php" line="16" assertions="6" time="0.000280"/>
      </testsuite>
      <testsuite name="App\Card\CoinGraphicTest" file="/Users/sarahabanakeh/dbwebb-kurser/mvc/me/report/tests/Card/CoinGraphicTest.php" tests="1" assertions="1" errors="0" warnings="0" failures="0" skipped="0" time="0.000716">
        <testcase name="testGetGraphicRepresentation" class="App\Card\CoinGraphicTest" classname="App.Card.CoinGraphicTest" file="/Users/sarahabanakeh/dbwebb-kurser/mvc/me/report/tests/Card/CoinGraphicTest.php" line="13" assertions="1" time="0.000716"/>
      </testsuite>
      <testsuite name="App\Card\DeckOfCardsTest" file="/Users/sarahabanakeh/dbwebb-kurser/mvc/me/report/tests/Card/DeckOfCardsTest.php" tests="7" assertions="168" errors="0" warnings="0" failures="0" skipped="0" time="0.071367">
        <testcase name="testCreateDeckOfCards" class="App\Card\DeckOfCardsTest" classname="App.Card.DeckOfCardsTest" file="/Users/sarahabanakeh/dbwebb-kurser/mvc/me/report/tests/Card/DeckOfCardsTest.php" line="15" assertions="1" time="0.000739"/>
        <testcase name="testDeckContains52Cards" class="App\Card\DeckOfCardsTest" classname="App.Card.DeckOfCardsTest" file="/Users/sarahabanakeh/dbwebb-kurser/mvc/me/report/tests/Card/DeckOfCardsTest.php" line="24" assertions="1" time="0.000327"/>
        <testcase name="testDeckContainsCorrectCards" class="App\Card\DeckOfCardsTest" classname="App.Card.DeckOfCardsTest" file="/Users/sarahabanakeh/dbwebb-kurser/mvc/me/report/tests/Card/DeckOfCardsTest.php" line="34" assertions="52" time="0.003410"/>
        <testcase name="testShuffleDeck" class="App\Card\DeckOfCardsTest" classname="App.Card.DeckOfCardsTest" file="/Users/sarahabanakeh/dbwebb-kurser/mvc/me/report/tests/Card/DeckOfCardsTest.php" line="64" assertions="2" time="0.064748"/>
        <testcase name="testGetSortedCards" class="App\Card\DeckOfCardsTest" classname="App.Card.DeckOfCardsTest" file="/Users/sarahabanakeh/dbwebb-kurser/mvc/me/report/tests/Card/DeckOfCardsTest.php" line="78" assertions="108" time="0.001562"/>
        <testcase name="testDrawCard" class="App\Card\DeckOfCardsTest" classname="App.Card.DeckOfCardsTest" file="/Users/sarahabanakeh/dbwebb-kurser/mvc/me/report/tests/Card/DeckOfCardsTest.php" line="99" assertions="2" time="0.000294"/>
        <testcase name="testCountCards" class="App\Card\DeckOfCardsTest" classname="App.Card.DeckOfCardsTest" file="/Users/sarahabanakeh/dbwebb-kurser/mvc/me/report/tests/Card/DeckOfCardsTest.php" line="113" assertions="2" time="0.000286"/>
      </testsuite>
      <testsuite name="App\Card\PlayerTest" file="/Users/sarahabanakeh/dbwebb-kurser/mvc/me/report/tests/Card/PlayerTest.php" tests="7" assertions="12" errors="0" warnings="0" failures="0" skipped="0" time="0.002629">
        <testcase name="testCreatePlayer" class="App\Card\PlayerTest" classname="App.Card.PlayerTest" file="/Users/sarahabanakeh/dbwebb-kurser/mvc/me/report/tests/Card/PlayerTest.php" line="16" assertions="4" time="0.000952"/>
        <testcase name="testAddCardToHand" class="App\Card\PlayerTest" classname="App.Card.PlayerTest" file="/Users/sarahabanakeh/dbwebb-kurser/mvc/me/report/tests/Card/PlayerTest.php" line="29" assertions="2" time="0.000354"/>
        <testcase name="testAdjustBalance" class="App\Card\PlayerTest" classname="App.Card.PlayerTest" file="/Users/sarahabanakeh/dbwebb-kurser/mvc/me/report/tests/Card/PlayerTest.php" line="43" assertions="2" time="0.000277"/>
        <testcase name="testSetAndGetStatus" class="App\Card\PlayerTest" classname="App.Card.PlayerTest" file="/Users/sarahabanakeh/dbwebb-kurser/mvc/me/report/tests/Card/PlayerTest.php" line="57" assertions="1" time="0.000238"/>
        <testcase name="testHandValue" class="App\Card\PlayerTest" classname="App.Card.PlayerTest" file="/Users/sarahabanakeh/dbwebb-kurser/mvc/me/report/tests/Card/PlayerTest.php" line="68" assertions="1" time="0.000269"/>
        <testcase name="testIsBusted" class="App\Card\PlayerTest" classname="App.Card.PlayerTest" file="/Users/sarahabanakeh/dbwebb-kurser/mvc/me/report/tests/Card/PlayerTest.php" line="83" assertions="1" time="0.000271"/>
        <testcase name="testHasBlackJack" class="App\Card\PlayerTest" classname="App.Card.PlayerTest" file="/Users/sarahabanakeh/dbwebb-kurser/mvc/me/report/tests/Card/PlayerTest.php" line="101" assertions="1" time="0.000268"/>
      </testsuite>
      <testsuite name="App\Dice\DiceHandTest" file="/Users/sarahabanakeh/dbwebb-kurser/mvc/me/report/tests/Dice/DiceHandTest.php" tests="3" assertions="4" errors="0" warnings="0" failures="0" skipped="0" time="0.012130">
        <testcase name="testAddStubbedDices" class="App\Dice\DiceHandTest" classname="App.Dice.DiceHandTest" file="/Users/sarahabanakeh/dbwebb-kurser/mvc/me/report/tests/Dice/DiceHandTest.php" line="15" assertions="1" time="0.011154"/>
        <testcase name="testRoll" class="App\Dice\DiceHandTest" classname="App.Dice.DiceHandTest" file="/Users/sarahabanakeh/dbwebb-kurser/mvc/me/report/tests/Dice/DiceHandTest.php" line="33" assertions="2" time="0.000709"/>
        <testcase name="testSum" class="App\Dice\DiceHandTest" classname="App.Dice.DiceHandTest" file="/Users/sarahabanakeh/dbwebb-kurser/mvc/me/report/tests/Dice/DiceHandTest.php" line="47" assertions="1" time="0.000267"/>
      </testsuite>
      <testsuite name="App\Tests\Dice\DiceTest" file="/Users/sarahabanakeh/dbwebb-kurser/mvc/me/report/tests/Dice/DiceTest.php" tests="3" assertions="7" errors="0" warnings="0" failures="0" skipped="0" time="0.002057">
        <testcase name="testRoll" class="App\Tests\Dice\DiceTest" classname="App.Tests.Dice.DiceTest" file="/Users/sarahabanakeh/dbwebb-kurser/mvc/me/report/tests/Dice/DiceTest.php" line="10" assertions="5" time="0.001579"/>
        <testcase name="testGetValue" class="App\Tests\Dice\DiceTest" classname="App.Tests.Dice.DiceTest" file="/Users/sarahabanakeh/dbwebb-kurser/mvc/me/report/tests/Dice/DiceTest.php" line="20" assertions="1" time="0.000267"/>
        <testcase name="testGetAsString" class="App\Tests\Dice\DiceTest" classname="App.Tests.Dice.DiceTest" file="/Users/sarahabanakeh/dbwebb-kurser/mvc/me/report/tests/Dice/DiceTest.php" line="28" assertions="1" time="0.000211"/>
      </testsuite>
      <testsuite name="App\Tests\Entity\BookTest" file="/Users/sarahabanakeh/dbwebb-kurser/mvc/me/report/tests/book/BookTest.php" tests="4" assertions="4" errors="0" warnings="0" failures="0" skipped="0" time="0.001240">
        <testcase name="testSetTitle" class="App\Tests\Entity\BookTest" classname="App.Tests.Entity.BookTest" file="/Users/sarahabanakeh/dbwebb-kurser/mvc/me/report/tests/book/BookTest.php" line="10" assertions="1" time="0.000599"/>
        <testcase name="testSetAuthor" class="App\Tests\Entity\BookTest" classname="App.Tests.Entity.BookTest" file="/Users/sarahabanakeh/dbwebb-kurser/mvc/me/report/tests/book/BookTest.php" line="18" assertions="1" time="0.000221"/>
        <testcase name="testSetIsbn" class="App\Tests\Entity\BookTest" classname="App.Tests.Entity.BookTest" file="/Users/sarahabanakeh/dbwebb-kurser/mvc/me/report/tests/book/BookTest.php" line="26" assertions="1" time="0.000211"/>
        <testcase name="testSetImage" class="App\Tests\Entity\BookTest" classname="App.Tests.Entity.BookTest" file="/Users/sarahabanakeh/dbwebb-kurser/mvc/me/report/tests/book/BookTest.php" line="34" assertions="1" time="0.000209"/>
      </testsuite>
      <testsuite name="App\Tests\Controller\ApiControllerTest" file="/Users/sarahabanakeh/dbwebb-kurser/mvc/me/report/tests/controller/ApiTest.php" tests="4" assertions="12" errors="0" warnings="0" failures="0" skipped="0" time="0.263351">
        <testcase name="testGetDailyQuote" class="App\Tests\Controller\ApiControllerTest" classname="App.Tests.Controller.ApiControllerTest" file="/Users/sarahabanakeh/dbwebb-kurser/mvc/me/report/tests/controller/ApiTest.php" line="9" assertions="3" time="0.236001"/>
        <testcase name="testGetDeck" class="App\Tests\Controller\ApiControllerTest" classname="App.Tests.Controller.ApiControllerTest" file="/Users/sarahabanakeh/dbwebb-kurser/mvc/me/report/tests/controller/ApiTest.php" line="20" assertions="3" time="0.004625"/>
        <testcase name="testShuffleDeck" class="App\Tests\Controller\ApiControllerTest" classname="App.Tests.Controller.ApiControllerTest" file="/Users/sarahabanakeh/dbwebb-kurser/mvc/me/report/tests/controller/ApiTest.php" line="31" assertions="3" time="0.013939"/>
        <testcase name="testDrawCards" class="App\Tests\Controller\ApiControllerTest" classname="App.Tests.Controller.ApiControllerTest" file="/Users/sarahabanakeh/dbwebb-kurser/mvc/me/report/tests/controller/ApiTest.php" line="42" assertions="3" time="0.008786"/>
      </testsuite>
      <testsuite name="App\Tests\Controller\CardGameControllerTest" file="/Users/sarahabanakeh/dbwebb-kurser/mvc/me/report/tests/controller/CardGameTest.php" tests="7" assertions="9" errors="0" warnings="0" failures="0" skipped="0" time="0.104177">
        <testcase name="testShowSession" class="App\Tests\Controller\CardGameControllerTest" classname="App.Tests.Controller.CardGameControllerTest" file="/Users/sarahabanakeh/dbwebb-kurser/mvc/me/report/tests/controller/CardGameTest.php" line="9" assertions="1" time="0.034255"/>
        <testcase name="testDeleteSession" class="App\Tests\Controller\CardGameControllerTest" classname="App.Tests.Controller.CardGameControllerTest" file="/Users/sarahabanakeh/dbwebb-kurser/mvc/me/report/tests/controller/CardGameTest.php" line="17" assertions="3" time="0.007094"/>
        <testcase name="testHome" class="App\Tests\Controller\CardGameControllerTest" classname="App.Tests.Controller.CardGameControllerTest" file="/Users/sarahabanakeh/dbwebb-kurser/mvc/me/report/tests/controller/CardGameTest.php" line="25" assertions="1" time="0.012006"/>
        <testcase name="testTest" class="App\Tests\Controller\CardGameControllerTest" classname="App.Tests.Controller.CardGameControllerTest" file="/Users/sarahabanakeh/dbwebb-kurser/mvc/me/report/tests/controller/CardGameTest.php" line="33" assertions="1" time="0.011728"/>
        <testcase name="testShuffleDeck" class="App\Tests\Controller\CardGameControllerTest" classname="App.Tests.Controller.CardGameControllerTest" file="/Users/sarahabanakeh/dbwebb-kurser/mvc/me/report/tests/controller/CardGameTest.php" line="41" assertions="1" time="0.012632"/>
        <testcase name="testDrawCardDeck" class="App\Tests\Controller\CardGameControllerTest" classname="App.Tests.Controller.CardGameControllerTest" file="/Users/sarahabanakeh/dbwebb-kurser/mvc/me/report/tests/controller/CardGameTest.php" line="49" assertions="1" time="0.012947"/>
        <testcase name="testDrawCardNum" class="App\Tests\Controller\CardGameControllerTest" classname="App.Tests.Controller.CardGameControllerTest" file="/Users/sarahabanakeh/dbwebb-kurser/mvc/me/report/tests/controller/CardGameTest.php" line="57" assertions="1" time="0.013514"/>
      </testsuite>
      <testsuite name="App\Tests\Controller\DiceGameControllerTest" file="/Users/sarahabanakeh/dbwebb-kurser/mvc/me/report/tests/controller/DiceGameTest.php" tests="6" assertions="7" errors="0" warnings="0" failures="0" skipped="0" time="0.056747">
        <testcase name="testHome" class="App\Tests\Controller\DiceGameControllerTest" classname="App.Tests.Controller.DiceGameControllerTest" file="/Users/sarahabanakeh/dbwebb-kurser/mvc/me/report/tests/controller/DiceGameTest.php" line="9" assertions="1" time="0.012951"/>
        <testcase name="testTestRollDice" class="App\Tests\Controller\DiceGameControllerTest" classname="App.Tests.Controller.DiceGameControllerTest" file="/Users/sarahabanakeh/dbwebb-kurser/mvc/me/report/tests/controller/DiceGameTest.php" line="17" assertions="1" time="0.008591"/>
        <testcase name="testTestRollNumDices" class="App\Tests\Controller\DiceGameControllerTest" classname="App.Tests.Controller.DiceGameControllerTest" file="/Users/sarahabanakeh/dbwebb-kurser/mvc/me/report/tests/controller/DiceGameTest.php" line="25" assertions="1" time="0.009044"/>
        <testcase name="testTestDiceHand" class="App\Tests\Controller\DiceGameControllerTest" classname="App.Tests.Controller.DiceGameControllerTest" file="/Users/sarahabanakeh/dbwebb-kurser/mvc/me/report/tests/controller/DiceGameTest.php" line="33" assertions="1" time="0.009044"/>
        <testcase name="testInit" class="App\Tests\Controller\DiceGameControllerTest" classname="App.Tests.Controller.DiceGameControllerTest" file="/Users/sarahabanakeh/dbwebb-kurser/mvc/me/report/tests/controller/DiceGameTest.php" line="41" assertions="1" time="0.008830"/>
        <testcase name="testInitCallback" class="App\Tests\Controller\DiceGameControllerTest" classname="App.Tests.Controller.DiceGameControllerTest" file="/Users/sarahabanakeh/dbwebb-kurser/mvc/me/report/tests/controller/DiceGameTest.php" line="49" assertions="2" time="0.008287"/>
      </testsuite>
      <testsuite name="App\Tests\Entity\ProductTest" file="/Users/sarahabanakeh/dbwebb-kurser/mvc/me/report/tests/product/ProductTest.php" tests="2" assertions="2" errors="0" warnings="0" failures="0" skipped="0" time="0.000813">
        <testcase name="testSetName" class="App\Tests\Entity\ProductTest" classname="App.Tests.Entity.ProductTest" file="/Users/sarahabanakeh/dbwebb-kurser/mvc/me/report/tests/product/ProductTest.php" line="10" assertions="1" time="0.000581"/>
        <testcase name="testSetValue" class="App\Tests\Entity\ProductTest" classname="App.Tests.Entity.ProductTest" file="/Users/sarahabanakeh/dbwebb-kurser/mvc/me/report/tests/product/ProductTest.php" line="18" assertions="1" time="0.000232"/>
      </testsuite>
    </testsuite>
  </testsuite>
</testsuites>
