<?xml version="1.0" encoding="UTF-8"?>
<testsuites>
  <testsuite name="" tests="37" assertions="227" errors="0" warnings="0" failures="0" skipped="0" time="1.857047">
    <testsuite name="Project Test Suite" tests="37" assertions="227" errors="0" warnings="0" failures="0" skipped="0" time="1.857047">
      <testsuite name="App\Card\CardGraphicRepresentationTest" file="/Users/sarahabanakeh/dbwebb-kurser/mvc/me/report/tests/Card/CardGraphicTest.php" tests="2" assertions="9" errors="0" warnings="0" failures="0" skipped="0" time="0.006003">
        <testcase name="testCardRepresentation" class="App\Card\CardGraphicRepresentationTest" classname="App.Card.CardGraphicRepresentationTest" file="/Users/sarahabanakeh/dbwebb-kurser/mvc/me/report/tests/Card/CardGraphicTest.php" line="15" assertions="5" time="0.005741"/>
        <testcase name="testGetSuitClass" class="App\Card\CardGraphicRepresentationTest" classname="App.Card.CardGraphicRepresentationTest" file="/Users/sarahabanakeh/dbwebb-kurser/mvc/me/report/tests/Card/CardGraphicTest.php" line="39" assertions="4" time="0.000262"/>
      </testsuite>
      <testsuite name="App\Card\CardHandTest" file="/Users/sarahabanakeh/dbwebb-kurser/mvc/me/report/tests/Card/CardHandTest.php" tests="4" assertions="6" errors="0" warnings="0" failures="0" skipped="0" time="0.002539">
        <testcase name="testCreateCardHand" class="App\Card\CardHandTest" classname="App.Card.CardHandTest" file="/Users/sarahabanakeh/dbwebb-kurser/mvc/me/report/tests/Card/CardHandTest.php" line="15" assertions="1" time="0.001153"/>
        <testcase name="testAddCard" class="App\Card\CardHandTest" classname="App.Card.CardHandTest" file="/Users/sarahabanakeh/dbwebb-kurser/mvc/me/report/tests/Card/CardHandTest.php" line="24" assertions="2" time="0.000879"/>
        <testcase name="testTotalValueWithoutAces" class="App\Card\CardHandTest" classname="App.Card.CardHandTest" file="/Users/sarahabanakeh/dbwebb-kurser/mvc/me/report/tests/Card/CardHandTest.php" line="38" assertions="1" time="0.000247"/>
        <testcase name="testTotalValueWithAces" class="App\Card\CardHandTest" classname="App.Card.CardHandTest" file="/Users/sarahabanakeh/dbwebb-kurser/mvc/me/report/tests/Card/CardHandTest.php" line="51" assertions="2" time="0.000260"/>
      </testsuite>
      <testsuite name="App\Card\CardTest" file="/Users/sarahabanakeh/dbwebb-kurser/mvc/me/report/tests/Card/CardTest.php" tests="1" assertions="6" errors="0" warnings="0" failures="0" skipped="0" time="0.000254">
        <testcase name="testCreateCard" class="App\Card\CardTest" classname="App.Card.CardTest" file="/Users/sarahabanakeh/dbwebb-kurser/mvc/me/report/tests/Card/CardTest.php" line="16" assertions="6" time="0.000254"/>
      </testsuite>
      <testsuite name="App\Card\CoinGraphicTest" file="/Users/sarahabanakeh/dbwebb-kurser/mvc/me/report/tests/Card/CoinGraphicTest.php" tests="1" assertions="1" errors="0" warnings="0" failures="0" skipped="0" time="0.000735">
        <testcase name="testGetGraphicRepresentation" class="App\Card\CoinGraphicTest" classname="App.Card.CoinGraphicTest" file="/Users/sarahabanakeh/dbwebb-kurser/mvc/me/report/tests/Card/CoinGraphicTest.php" line="13" assertions="1" time="0.000735"/>
      </testsuite>
      <testsuite name="App\Card\DeckOfCardsTest" file="/Users/sarahabanakeh/dbwebb-kurser/mvc/me/report/tests/Card/DeckOfCardsTest.php" tests="7" assertions="168" errors="0" warnings="0" failures="0" skipped="0" time="0.070809">
        <testcase name="testCreateDeckOfCards" class="App\Card\DeckOfCardsTest" classname="App.Card.DeckOfCardsTest" file="/Users/sarahabanakeh/dbwebb-kurser/mvc/me/report/tests/Card/DeckOfCardsTest.php" line="15" assertions="1" time="0.001064"/>
        <testcase name="testDeckContains52Cards" class="App\Card\DeckOfCardsTest" classname="App.Card.DeckOfCardsTest" file="/Users/sarahabanakeh/dbwebb-kurser/mvc/me/report/tests/Card/DeckOfCardsTest.php" line="24" assertions="1" time="0.000344"/>
        <testcase name="testDeckContainsCorrectCards" class="App\Card\DeckOfCardsTest" classname="App.Card.DeckOfCardsTest" file="/Users/sarahabanakeh/dbwebb-kurser/mvc/me/report/tests/Card/DeckOfCardsTest.php" line="34" assertions="52" time="0.003383"/>
        <testcase name="testShuffleDeck" class="App\Card\DeckOfCardsTest" classname="App.Card.DeckOfCardsTest" file="/Users/sarahabanakeh/dbwebb-kurser/mvc/me/report/tests/Card/DeckOfCardsTest.php" line="64" assertions="2" time="0.063902"/>
        <testcase name="testGetSortedCards" class="App\Card\DeckOfCardsTest" classname="App.Card.DeckOfCardsTest" file="/Users/sarahabanakeh/dbwebb-kurser/mvc/me/report/tests/Card/DeckOfCardsTest.php" line="78" assertions="108" time="0.001543"/>
        <testcase name="testDrawCard" class="App\Card\DeckOfCardsTest" classname="App.Card.DeckOfCardsTest" file="/Users/sarahabanakeh/dbwebb-kurser/mvc/me/report/tests/Card/DeckOfCardsTest.php" line="99" assertions="2" time="0.000290"/>
        <testcase name="testCountCards" class="App\Card\DeckOfCardsTest" classname="App.Card.DeckOfCardsTest" file="/Users/sarahabanakeh/dbwebb-kurser/mvc/me/report/tests/Card/DeckOfCardsTest.php" line="113" assertions="2" time="0.000283"/>
      </testsuite>
      <testsuite name="App\Card\PlayerTest" file="/Users/sarahabanakeh/dbwebb-kurser/mvc/me/report/tests/Card/PlayerTest.php" tests="7" assertions="12" errors="0" warnings="0" failures="0" skipped="0" time="0.002966">
        <testcase name="testCreatePlayer" class="App\Card\PlayerTest" classname="App.Card.PlayerTest" file="/Users/sarahabanakeh/dbwebb-kurser/mvc/me/report/tests/Card/PlayerTest.php" line="16" assertions="4" time="0.001314"/>
        <testcase name="testAddCardToHand" class="App\Card\PlayerTest" classname="App.Card.PlayerTest" file="/Users/sarahabanakeh/dbwebb-kurser/mvc/me/report/tests/Card/PlayerTest.php" line="29" assertions="2" time="0.000359"/>
        <testcase name="testAdjustBalance" class="App\Card\PlayerTest" classname="App.Card.PlayerTest" file="/Users/sarahabanakeh/dbwebb-kurser/mvc/me/report/tests/Card/PlayerTest.php" line="43" assertions="2" time="0.000262"/>
        <testcase name="testSetAndGetStatus" class="App\Card\PlayerTest" classname="App.Card.PlayerTest" file="/Users/sarahabanakeh/dbwebb-kurser/mvc/me/report/tests/Card/PlayerTest.php" line="57" assertions="1" time="0.000218"/>
        <testcase name="testHandValue" class="App\Card\PlayerTest" classname="App.Card.PlayerTest" file="/Users/sarahabanakeh/dbwebb-kurser/mvc/me/report/tests/Card/PlayerTest.php" line="68" assertions="1" time="0.000257"/>
        <testcase name="testIsBusted" class="App\Card\PlayerTest" classname="App.Card.PlayerTest" file="/Users/sarahabanakeh/dbwebb-kurser/mvc/me/report/tests/Card/PlayerTest.php" line="83" assertions="1" time="0.000260"/>
        <testcase name="testHasBlackJack" class="App\Card\PlayerTest" classname="App.Card.PlayerTest" file="/Users/sarahabanakeh/dbwebb-kurser/mvc/me/report/tests/Card/PlayerTest.php" line="101" assertions="1" time="0.000295"/>
      </testsuite>
      <testsuite name="App\Tests\Entity\BookTest" file="/Users/sarahabanakeh/dbwebb-kurser/mvc/me/report/tests/book/BookTest.php" tests="4" assertions="4" errors="0" warnings="0" failures="0" skipped="0" time="0.001569">
        <testcase name="testSetTitle" class="App\Tests\Entity\BookTest" classname="App.Tests.Entity.BookTest" file="/Users/sarahabanakeh/dbwebb-kurser/mvc/me/report/tests/book/BookTest.php" line="10" assertions="1" time="0.000857"/>
        <testcase name="testSetAuthor" class="App\Tests\Entity\BookTest" classname="App.Tests.Entity.BookTest" file="/Users/sarahabanakeh/dbwebb-kurser/mvc/me/report/tests/book/BookTest.php" line="18" assertions="1" time="0.000245"/>
        <testcase name="testSetIsbn" class="App\Tests\Entity\BookTest" classname="App.Tests.Entity.BookTest" file="/Users/sarahabanakeh/dbwebb-kurser/mvc/me/report/tests/book/BookTest.php" line="26" assertions="1" time="0.000235"/>
        <testcase name="testSetImage" class="App\Tests\Entity\BookTest" classname="App.Tests.Entity.BookTest" file="/Users/sarahabanakeh/dbwebb-kurser/mvc/me/report/tests/book/BookTest.php" line="34" assertions="1" time="0.000232"/>
      </testsuite>
      <testsuite name="App\Tests\Controller\ApiControllerTest" file="/Users/sarahabanakeh/dbwebb-kurser/mvc/me/report/tests/controller/ApiTest.php" tests="4" assertions="12" errors="0" warnings="0" failures="0" skipped="0" time="1.658929">
        <testcase name="testGetDailyQuote" class="App\Tests\Controller\ApiControllerTest" classname="App.Tests.Controller.ApiControllerTest" file="/Users/sarahabanakeh/dbwebb-kurser/mvc/me/report/tests/controller/ApiTest.php" line="9" assertions="3" time="1.630303"/>
        <testcase name="testGetDeck" class="App\Tests\Controller\ApiControllerTest" classname="App.Tests.Controller.ApiControllerTest" file="/Users/sarahabanakeh/dbwebb-kurser/mvc/me/report/tests/controller/ApiTest.php" line="20" assertions="3" time="0.008907"/>
        <testcase name="testShuffleDeck" class="App\Tests\Controller\ApiControllerTest" classname="App.Tests.Controller.ApiControllerTest" file="/Users/sarahabanakeh/dbwebb-kurser/mvc/me/report/tests/controller/ApiTest.php" line="31" assertions="3" time="0.010487"/>
        <testcase name="testDrawCards" class="App\Tests\Controller\ApiControllerTest" classname="App.Tests.Controller.ApiControllerTest" file="/Users/sarahabanakeh/dbwebb-kurser/mvc/me/report/tests/controller/ApiTest.php" line="42" assertions="3" time="0.009232"/>
      </testsuite>
      <testsuite name="App\Tests\Controller\CardGameControllerTest" file="/Users/sarahabanakeh/dbwebb-kurser/mvc/me/report/tests/controller/CardGameTest.php" tests="7" assertions="9" errors="0" warnings="0" failures="0" skipped="0" time="0.113242">
        <testcase name="testShowSession" class="App\Tests\Controller\CardGameControllerTest" classname="App.Tests.Controller.CardGameControllerTest" file="/Users/sarahabanakeh/dbwebb-kurser/mvc/me/report/tests/controller/CardGameTest.php" line="9" assertions="1" time="0.037933"/>
        <testcase name="testDeleteSession" class="App\Tests\Controller\CardGameControllerTest" classname="App.Tests.Controller.CardGameControllerTest" file="/Users/sarahabanakeh/dbwebb-kurser/mvc/me/report/tests/controller/CardGameTest.php" line="17" assertions="3" time="0.010795"/>
        <testcase name="testHome" class="App\Tests\Controller\CardGameControllerTest" classname="App.Tests.Controller.CardGameControllerTest" file="/Users/sarahabanakeh/dbwebb-kurser/mvc/me/report/tests/controller/CardGameTest.php" line="25" assertions="1" time="0.015232"/>
        <testcase name="testTest" class="App\Tests\Controller\CardGameControllerTest" classname="App.Tests.Controller.CardGameControllerTest" file="/Users/sarahabanakeh/dbwebb-kurser/mvc/me/report/tests/controller/CardGameTest.php" line="33" assertions="1" time="0.011928"/>
        <testcase name="testShuffleDeck" class="App\Tests\Controller\CardGameControllerTest" classname="App.Tests.Controller.CardGameControllerTest" file="/Users/sarahabanakeh/dbwebb-kurser/mvc/me/report/tests/controller/CardGameTest.php" line="41" assertions="1" time="0.012683"/>
        <testcase name="testDrawCardDeck" class="App\Tests\Controller\CardGameControllerTest" classname="App.Tests.Controller.CardGameControllerTest" file="/Users/sarahabanakeh/dbwebb-kurser/mvc/me/report/tests/controller/CardGameTest.php" line="49" assertions="1" time="0.010558"/>
        <testcase name="testDrawCardNum" class="App\Tests\Controller\CardGameControllerTest" classname="App.Tests.Controller.CardGameControllerTest" file="/Users/sarahabanakeh/dbwebb-kurser/mvc/me/report/tests/controller/CardGameTest.php" line="57" assertions="1" time="0.014112"/>
      </testsuite>
    </testsuite>
  </testsuite>
</testsuites>
