<?xml version="1.0" encoding="UTF-8"?>
<testsuites>
  <testsuite name="" tests="51" assertions="247" errors="0" warnings="0" failures="0" skipped="0" time="0.599331">
    <testsuite name="Project Test Suite" tests="51" assertions="247" errors="0" warnings="0" failures="0" skipped="0" time="0.599331">
      <testsuite name="App\Card\CardGraphicRepresentationTest" file="/Users/sarahabanakeh/dbwebb-kurser/mvc/me/report/tests/Card/CardGraphicTest.php" tests="2" assertions="9" errors="0" warnings="0" failures="0" skipped="0" time="0.006802">
        <testcase name="testCardRepresentation" class="App\Card\CardGraphicRepresentationTest" classname="App.Card.CardGraphicRepresentationTest" file="/Users/sarahabanakeh/dbwebb-kurser/mvc/me/report/tests/Card/CardGraphicTest.php" line="15" assertions="5" time="0.006532"/>
        <testcase name="testGetSuitClass" class="App\Card\CardGraphicRepresentationTest" classname="App.Card.CardGraphicRepresentationTest" file="/Users/sarahabanakeh/dbwebb-kurser/mvc/me/report/tests/Card/CardGraphicTest.php" line="39" assertions="4" time="0.000269"/>
      </testsuite>
      <testsuite name="App\Card\CardHandTest" file="/Users/sarahabanakeh/dbwebb-kurser/mvc/me/report/tests/Card/CardHandTest.php" tests="4" assertions="6" errors="0" warnings="0" failures="0" skipped="0" time="0.002676">
        <testcase name="testCreateCardHand" class="App\Card\CardHandTest" classname="App.Card.CardHandTest" file="/Users/sarahabanakeh/dbwebb-kurser/mvc/me/report/tests/Card/CardHandTest.php" line="15" assertions="1" time="0.001149"/>
        <testcase name="testAddCard" class="App\Card\CardHandTest" classname="App.Card.CardHandTest" file="/Users/sarahabanakeh/dbwebb-kurser/mvc/me/report/tests/Card/CardHandTest.php" line="24" assertions="2" time="0.001001"/>
        <testcase name="testTotalValueWithoutAces" class="App\Card\CardHandTest" classname="App.Card.CardHandTest" file="/Users/sarahabanakeh/dbwebb-kurser/mvc/me/report/tests/Card/CardHandTest.php" line="38" assertions="1" time="0.000261"/>
        <testcase name="testTotalValueWithAces" class="App\Card\CardHandTest" classname="App.Card.CardHandTest" file="/Users/sarahabanakeh/dbwebb-kurser/mvc/me/report/tests/Card/CardHandTest.php" line="51" assertions="2" time="0.000265"/>
      </testsuite>
      <testsuite name="App\Card\CardTest" file="/Users/sarahabanakeh/dbwebb-kurser/mvc/me/report/tests/Card/CardTest.php" tests="1" assertions="6" errors="0" warnings="0" failures="0" skipped="0" time="0.000247">
        <testcase name="testCreateCard" class="App\Card\CardTest" classname="App.Card.CardTest" file="/Users/sarahabanakeh/dbwebb-kurser/mvc/me/report/tests/Card/CardTest.php" line="16" assertions="6" time="0.000247"/>
      </testsuite>
      <testsuite name="App\Card\CoinGraphicTest" file="/Users/sarahabanakeh/dbwebb-kurser/mvc/me/report/tests/Card/CoinGraphicTest.php" tests="1" assertions="1" errors="0" warnings="0" failures="0" skipped="0" time="0.000846">
        <testcase name="testGetGraphicRepresentation" class="App\Card\CoinGraphicTest" classname="App.Card.CoinGraphicTest" file="/Users/sarahabanakeh/dbwebb-kurser/mvc/me/report/tests/Card/CoinGraphicTest.php" line="13" assertions="1" time="0.000846"/>
      </testsuite>
      <testsuite name="App\Card\DeckOfCardsTest" file="/Users/sarahabanakeh/dbwebb-kurser/mvc/me/report/tests/Card/DeckOfCardsTest.php" tests="7" assertions="168" errors="0" warnings="0" failures="0" skipped="0" time="0.067504">
        <testcase name="testCreateDeckOfCards" class="App\Card\DeckOfCardsTest" classname="App.Card.DeckOfCardsTest" file="/Users/sarahabanakeh/dbwebb-kurser/mvc/me/report/tests/Card/DeckOfCardsTest.php" line="15" assertions="1" time="0.000964"/>
        <testcase name="testDeckContains52Cards" class="App\Card\DeckOfCardsTest" classname="App.Card.DeckOfCardsTest" file="/Users/sarahabanakeh/dbwebb-kurser/mvc/me/report/tests/Card/DeckOfCardsTest.php" line="24" assertions="1" time="0.000307"/>
        <testcase name="testDeckContainsCorrectCards" class="App\Card\DeckOfCardsTest" classname="App.Card.DeckOfCardsTest" file="/Users/sarahabanakeh/dbwebb-kurser/mvc/me/report/tests/Card/DeckOfCardsTest.php" line="34" assertions="52" time="0.003327"/>
        <testcase name="testShuffleDeck" class="App\Card\DeckOfCardsTest" classname="App.Card.DeckOfCardsTest" file="/Users/sarahabanakeh/dbwebb-kurser/mvc/me/report/tests/Card/DeckOfCardsTest.php" line="64" assertions="2" time="0.060721"/>
        <testcase name="testGetSortedCards" class="App\Card\DeckOfCardsTest" classname="App.Card.DeckOfCardsTest" file="/Users/sarahabanakeh/dbwebb-kurser/mvc/me/report/tests/Card/DeckOfCardsTest.php" line="78" assertions="108" time="0.001558"/>
        <testcase name="testDrawCard" class="App\Card\DeckOfCardsTest" classname="App.Card.DeckOfCardsTest" file="/Users/sarahabanakeh/dbwebb-kurser/mvc/me/report/tests/Card/DeckOfCardsTest.php" line="99" assertions="2" time="0.000345"/>
        <testcase name="testCountCards" class="App\Card\DeckOfCardsTest" classname="App.Card.DeckOfCardsTest" file="/Users/sarahabanakeh/dbwebb-kurser/mvc/me/report/tests/Card/DeckOfCardsTest.php" line="113" assertions="2" time="0.000282"/>
      </testsuite>
      <testsuite name="App\Card\PlayerTest" file="/Users/sarahabanakeh/dbwebb-kurser/mvc/me/report/tests/Card/PlayerTest.php" tests="7" assertions="12" errors="0" warnings="0" failures="0" skipped="0" time="0.003294">
        <testcase name="testCreatePlayer" class="App\Card\PlayerTest" classname="App.Card.PlayerTest" file="/Users/sarahabanakeh/dbwebb-kurser/mvc/me/report/tests/Card/PlayerTest.php" line="16" assertions="4" time="0.001768"/>
        <testcase name="testAddCardToHand" class="App\Card\PlayerTest" classname="App.Card.PlayerTest" file="/Users/sarahabanakeh/dbwebb-kurser/mvc/me/report/tests/Card/PlayerTest.php" line="29" assertions="2" time="0.000262"/>
        <testcase name="testAdjustBalance" class="App\Card\PlayerTest" classname="App.Card.PlayerTest" file="/Users/sarahabanakeh/dbwebb-kurser/mvc/me/report/tests/Card/PlayerTest.php" line="43" assertions="2" time="0.000249"/>
        <testcase name="testSetAndGetStatus" class="App\Card\PlayerTest" classname="App.Card.PlayerTest" file="/Users/sarahabanakeh/dbwebb-kurser/mvc/me/report/tests/Card/PlayerTest.php" line="57" assertions="1" time="0.000225"/>
        <testcase name="testHandValue" class="App\Card\PlayerTest" classname="App.Card.PlayerTest" file="/Users/sarahabanakeh/dbwebb-kurser/mvc/me/report/tests/Card/PlayerTest.php" line="68" assertions="1" time="0.000261"/>
        <testcase name="testIsBusted" class="App\Card\PlayerTest" classname="App.Card.PlayerTest" file="/Users/sarahabanakeh/dbwebb-kurser/mvc/me/report/tests/Card/PlayerTest.php" line="83" assertions="1" time="0.000264"/>
        <testcase name="testHasBlackJack" class="App\Card\PlayerTest" classname="App.Card.PlayerTest" file="/Users/sarahabanakeh/dbwebb-kurser/mvc/me/report/tests/Card/PlayerTest.php" line="101" assertions="1" time="0.000265"/>
      </testsuite>
      <testsuite name="App\Dice\DiceHandTest" file="/Users/sarahabanakeh/dbwebb-kurser/mvc/me/report/tests/Dice/DiceHandTest.php" tests="3" assertions="4" errors="0" warnings="0" failures="0" skipped="0" time="0.011991">
        <testcase name="testAddStubbedDices" class="App\Dice\DiceHandTest" classname="App.Dice.DiceHandTest" file="/Users/sarahabanakeh/dbwebb-kurser/mvc/me/report/tests/Dice/DiceHandTest.php" line="15" assertions="1" time="0.011016"/>
        <testcase name="testRoll" class="App\Dice\DiceHandTest" classname="App.Dice.DiceHandTest" file="/Users/sarahabanakeh/dbwebb-kurser/mvc/me/report/tests/Dice/DiceHandTest.php" line="33" assertions="2" time="0.000714"/>
        <testcase name="testSum" class="App\Dice\DiceHandTest" classname="App.Dice.DiceHandTest" file="/Users/sarahabanakeh/dbwebb-kurser/mvc/me/report/tests/Dice/DiceHandTest.php" line="47" assertions="1" time="0.000260"/>
      </testsuite>
      <testsuite name="App\Tests\Dice\DiceTest" file="/Users/sarahabanakeh/dbwebb-kurser/mvc/me/report/tests/Dice/DiceTest.php" tests="3" assertions="7" errors="0" warnings="0" failures="0" skipped="0" time="0.002178">
        <testcase name="testRoll" class="App\Tests\Dice\DiceTest" classname="App.Tests.Dice.DiceTest" file="/Users/sarahabanakeh/dbwebb-kurser/mvc/me/report/tests/Dice/DiceTest.php" line="10" assertions="5" time="0.001655"/>
        <testcase name="testGetValue" class="App\Tests\Dice\DiceTest" classname="App.Tests.Dice.DiceTest" file="/Users/sarahabanakeh/dbwebb-kurser/mvc/me/report/tests/Dice/DiceTest.php" line="20" assertions="1" time="0.000275"/>
        <testcase name="testGetAsString" class="App\Tests\Dice\DiceTest" classname="App.Tests.Dice.DiceTest" file="/Users/sarahabanakeh/dbwebb-kurser/mvc/me/report/tests/Dice/DiceTest.php" line="28" assertions="1" time="0.000249"/>
      </testsuite>
      <testsuite name="App\Tests\Entity\BookTest" file="/Users/sarahabanakeh/dbwebb-kurser/mvc/me/report/tests/book/BookTest.php" tests="4" assertions="4" errors="0" warnings="0" failures="0" skipped="0" time="0.001510">
        <testcase name="testSetTitle" class="App\Tests\Entity\BookTest" classname="App.Tests.Entity.BookTest" file="/Users/sarahabanakeh/dbwebb-kurser/mvc/me/report/tests/book/BookTest.php" line="10" assertions="1" time="0.000785"/>
        <testcase name="testSetAuthor" class="App\Tests\Entity\BookTest" classname="App.Tests.Entity.BookTest" file="/Users/sarahabanakeh/dbwebb-kurser/mvc/me/report/tests/book/BookTest.php" line="18" assertions="1" time="0.000251"/>
        <testcase name="testSetIsbn" class="App\Tests\Entity\BookTest" classname="App.Tests.Entity.BookTest" file="/Users/sarahabanakeh/dbwebb-kurser/mvc/me/report/tests/book/BookTest.php" line="26" assertions="1" time="0.000240"/>
        <testcase name="testSetImage" class="App\Tests\Entity\BookTest" classname="App.Tests.Entity.BookTest" file="/Users/sarahabanakeh/dbwebb-kurser/mvc/me/report/tests/book/BookTest.php" line="34" assertions="1" time="0.000234"/>
      </testsuite>
      <testsuite name="App\Tests\Controller\ApiControllerTest" file="/Users/sarahabanakeh/dbwebb-kurser/mvc/me/report/tests/controller/ApiTest.php" tests="4" assertions="12" errors="0" warnings="0" failures="0" skipped="0" time="0.330560">
        <testcase name="testGetDailyQuote" class="App\Tests\Controller\ApiControllerTest" classname="App.Tests.Controller.ApiControllerTest" file="/Users/sarahabanakeh/dbwebb-kurser/mvc/me/report/tests/controller/ApiTest.php" line="9" assertions="3" time="0.296730"/>
        <testcase name="testGetDeck" class="App\Tests\Controller\ApiControllerTest" classname="App.Tests.Controller.ApiControllerTest" file="/Users/sarahabanakeh/dbwebb-kurser/mvc/me/report/tests/controller/ApiTest.php" line="20" assertions="3" time="0.007506"/>
        <testcase name="testShuffleDeck" class="App\Tests\Controller\ApiControllerTest" classname="App.Tests.Controller.ApiControllerTest" file="/Users/sarahabanakeh/dbwebb-kurser/mvc/me/report/tests/controller/ApiTest.php" line="31" assertions="3" time="0.017605"/>
        <testcase name="testDrawCards" class="App\Tests\Controller\ApiControllerTest" classname="App.Tests.Controller.ApiControllerTest" file="/Users/sarahabanakeh/dbwebb-kurser/mvc/me/report/tests/controller/ApiTest.php" line="42" assertions="3" time="0.008719"/>
      </testsuite>
      <testsuite name="App\Tests\Controller\CardGameControllerTest" file="/Users/sarahabanakeh/dbwebb-kurser/mvc/me/report/tests/controller/CardGameTest.php" tests="7" assertions="9" errors="0" warnings="0" failures="0" skipped="0" time="0.117044">
        <testcase name="testShowSession" class="App\Tests\Controller\CardGameControllerTest" classname="App.Tests.Controller.CardGameControllerTest" file="/Users/sarahabanakeh/dbwebb-kurser/mvc/me/report/tests/controller/CardGameTest.php" line="9" assertions="1" time="0.041226"/>
        <testcase name="testDeleteSession" class="App\Tests\Controller\CardGameControllerTest" classname="App.Tests.Controller.CardGameControllerTest" file="/Users/sarahabanakeh/dbwebb-kurser/mvc/me/report/tests/controller/CardGameTest.php" line="17" assertions="3" time="0.010718"/>
        <testcase name="testHome" class="App\Tests\Controller\CardGameControllerTest" classname="App.Tests.Controller.CardGameControllerTest" file="/Users/sarahabanakeh/dbwebb-kurser/mvc/me/report/tests/controller/CardGameTest.php" line="25" assertions="1" time="0.011671"/>
        <testcase name="testTest" class="App\Tests\Controller\CardGameControllerTest" classname="App.Tests.Controller.CardGameControllerTest" file="/Users/sarahabanakeh/dbwebb-kurser/mvc/me/report/tests/controller/CardGameTest.php" line="33" assertions="1" time="0.011745"/>
        <testcase name="testShuffleDeck" class="App\Tests\Controller\CardGameControllerTest" classname="App.Tests.Controller.CardGameControllerTest" file="/Users/sarahabanakeh/dbwebb-kurser/mvc/me/report/tests/controller/CardGameTest.php" line="41" assertions="1" time="0.012964"/>
        <testcase name="testDrawCardDeck" class="App\Tests\Controller\CardGameControllerTest" classname="App.Tests.Controller.CardGameControllerTest" file="/Users/sarahabanakeh/dbwebb-kurser/mvc/me/report/tests/controller/CardGameTest.php" line="49" assertions="1" time="0.015410"/>
        <testcase name="testDrawCardNum" class="App\Tests\Controller\CardGameControllerTest" classname="App.Tests.Controller.CardGameControllerTest" file="/Users/sarahabanakeh/dbwebb-kurser/mvc/me/report/tests/controller/CardGameTest.php" line="57" assertions="1" time="0.013310"/>
      </testsuite>
      <testsuite name="App\Tests\Controller\DiceGameControllerTest" file="/Users/sarahabanakeh/dbwebb-kurser/mvc/me/report/tests/controller/DiceGameTest.php" tests="6" assertions="7" errors="0" warnings="0" failures="0" skipped="0" time="0.053779">
        <testcase name="testHome" class="App\Tests\Controller\DiceGameControllerTest" classname="App.Tests.Controller.DiceGameControllerTest" file="/Users/sarahabanakeh/dbwebb-kurser/mvc/me/report/tests/controller/DiceGameTest.php" line="9" assertions="1" time="0.012332"/>
        <testcase name="testTestRollDice" class="App\Tests\Controller\DiceGameControllerTest" classname="App.Tests.Controller.DiceGameControllerTest" file="/Users/sarahabanakeh/dbwebb-kurser/mvc/me/report/tests/controller/DiceGameTest.php" line="17" assertions="1" time="0.008325"/>
        <testcase name="testTestRollNumDices" class="App\Tests\Controller\DiceGameControllerTest" classname="App.Tests.Controller.DiceGameControllerTest" file="/Users/sarahabanakeh/dbwebb-kurser/mvc/me/report/tests/controller/DiceGameTest.php" line="25" assertions="1" time="0.009910"/>
        <testcase name="testTestDiceHand" class="App\Tests\Controller\DiceGameControllerTest" classname="App.Tests.Controller.DiceGameControllerTest" file="/Users/sarahabanakeh/dbwebb-kurser/mvc/me/report/tests/controller/DiceGameTest.php" line="33" assertions="1" time="0.008946"/>
        <testcase name="testInit" class="App\Tests\Controller\DiceGameControllerTest" classname="App.Tests.Controller.DiceGameControllerTest" file="/Users/sarahabanakeh/dbwebb-kurser/mvc/me/report/tests/controller/DiceGameTest.php" line="41" assertions="1" time="0.008214"/>
        <testcase name="testInitCallback" class="App\Tests\Controller\DiceGameControllerTest" classname="App.Tests.Controller.DiceGameControllerTest" file="/Users/sarahabanakeh/dbwebb-kurser/mvc/me/report/tests/controller/DiceGameTest.php" line="49" assertions="2" time="0.006053"/>
      </testsuite>
      <testsuite name="App\Tests\Entity\ProductTest" file="/Users/sarahabanakeh/dbwebb-kurser/mvc/me/report/tests/product/ProductTest.php" tests="2" assertions="2" errors="0" warnings="0" failures="0" skipped="0" time="0.000899">
        <testcase name="testSetName" class="App\Tests\Entity\ProductTest" classname="App.Tests.Entity.ProductTest" file="/Users/sarahabanakeh/dbwebb-kurser/mvc/me/report/tests/product/ProductTest.php" line="10" assertions="1" time="0.000670"/>
        <testcase name="testSetValue" class="App\Tests\Entity\ProductTest" classname="App.Tests.Entity.ProductTest" file="/Users/sarahabanakeh/dbwebb-kurser/mvc/me/report/tests/product/ProductTest.php" line="18" assertions="1" time="0.000229"/>
      </testsuite>
    </testsuite>
  </testsuite>
</testsuites>
